[0.117s] DEBUG:colcon:Command line arguments: ['/usr/bin/colcon', 'build']
[0.117s] DEBUG:colcon:Parsed command line arguments: Namespace(log_base=None, log_level=None, verb_name='build', build_base='build', install_base='install', merge_install=False, symlink_install=False, test_result_base=None, continue_on_error=False, executor='parallel', parallel_workers=16, event_handlers=None, ignore_user_meta=False, metas=['./colcon.meta'], base_paths=['.'], packages_ignore=None, packages_ignore_regex=None, paths=None, packages_up_to=None, packages_up_to_regex=None, packages_above=None, packages_above_and_dependencies=None, packages_above_depth=None, packages_select_by_dep=None, packages_skip_by_dep=None, packages_skip_up_to=None, packages_select_build_failed=False, packages_skip_build_finished=False, packages_select_test_failures=False, packages_skip_test_passed=False, packages_select=None, packages_skip=None, packages_select_regex=None, packages_skip_regex=None, packages_start=None, packages_end=None, allow_overriding=[], cmake_args=None, cmake_target=None, cmake_target_skip_unavailable=False, cmake_clean_cache=False, cmake_clean_first=False, cmake_force_configure=False, ament_cmake_args=None, catkin_cmake_args=None, catkin_skip_building_tests=False, mixin_files=None, mixin=None, verb_parser=<colcon_mixin.mixin.mixin_argument.MixinArgumentDecorator object at 0x7ac0c7909a50>, verb_extension=<colcon_core.verb.build.BuildVerb object at 0x7ac0c7908fd0>, main=<bound method BuildVerb.main of <colcon_core.verb.build.BuildVerb object at 0x7ac0c7908fd0>>, mixin_verb=('build',))
[0.216s] Level 1:colcon.colcon_core.package_discovery:discover_packages(colcon_meta) check parameters
[0.216s] Level 1:colcon.colcon_core.package_discovery:discover_packages(recursive) check parameters
[0.216s] Level 1:colcon.colcon_core.package_discovery:discover_packages(ignore) check parameters
[0.216s] Level 1:colcon.colcon_core.package_discovery:discover_packages(path) check parameters
[0.216s] Level 1:colcon.colcon_core.package_discovery:discover_packages(colcon_meta) discover
[0.216s] Level 1:colcon.colcon_core.package_discovery:discover_packages(recursive) discover
[0.216s] INFO:colcon.colcon_core.package_discovery:Crawling recursively for packages in '/home/elijahs04/git/41068_RS1'
[0.217s] Level 1:colcon.colcon_core.package_identification:_identify(.) by extensions ['ignore', 'ignore_ament_install']
[0.217s] Level 1:colcon.colcon_core.package_identification:_identify(.) by extension 'ignore'
[0.217s] Level 1:colcon.colcon_core.package_identification:_identify(.) by extension 'ignore_ament_install'
[0.217s] Level 1:colcon.colcon_core.package_identification:_identify(.) by extensions ['colcon_pkg']
[0.217s] Level 1:colcon.colcon_core.package_identification:_identify(.) by extension 'colcon_pkg'
[0.217s] Level 1:colcon.colcon_core.package_identification:_identify(.) by extensions ['colcon_meta']
[0.217s] Level 1:colcon.colcon_core.package_identification:_identify(.) by extension 'colcon_meta'
[0.217s] Level 1:colcon.colcon_core.package_identification:_identify(.) by extensions ['ros']
[0.217s] Level 1:colcon.colcon_core.package_identification:_identify(.) by extension 'ros'
[0.227s] Level 1:colcon.colcon_core.package_identification:_identify(.) by extensions ['cmake', 'python']
[0.227s] Level 1:colcon.colcon_core.package_identification:_identify(.) by extension 'cmake'
[0.227s] Level 1:colcon.colcon_core.package_identification:_identify(.) by extension 'python'
[0.227s] Level 1:colcon.colcon_core.package_identification:_identify(.) by extensions ['python_setup_py']
[0.227s] Level 1:colcon.colcon_core.package_identification:_identify(.) by extension 'python_setup_py'
[0.233s] Level 1:colcon.colcon_core.package_identification:_identify(41068_ignition_bringup) by extensions ['ignore', 'ignore_ament_install']
[0.233s] Level 1:colcon.colcon_core.package_identification:_identify(41068_ignition_bringup) by extension 'ignore'
[0.233s] Level 1:colcon.colcon_core.package_identification:_identify(41068_ignition_bringup) by extension 'ignore_ament_install'
[0.233s] Level 1:colcon.colcon_core.package_identification:_identify(41068_ignition_bringup) by extensions ['colcon_pkg']
[0.233s] Level 1:colcon.colcon_core.package_identification:_identify(41068_ignition_bringup) by extension 'colcon_pkg'
[0.233s] Level 1:colcon.colcon_core.package_identification:_identify(41068_ignition_bringup) by extensions ['colcon_meta']
[0.233s] Level 1:colcon.colcon_core.package_identification:_identify(41068_ignition_bringup) by extension 'colcon_meta'
[0.233s] Level 1:colcon.colcon_core.package_identification:_identify(41068_ignition_bringup) by extensions ['ros']
[0.233s] Level 1:colcon.colcon_core.package_identification:_identify(41068_ignition_bringup) by extension 'ros'
[0.235s] DEBUG:colcon.colcon_core.package_identification:Package '41068_ignition_bringup' with type 'ros.ament_cmake' and name '41068_ignition_bringup'
[0.235s] Level 1:colcon.colcon_core.package_identification:_identify(build) by extensions ['ignore', 'ignore_ament_install']
[0.235s] Level 1:colcon.colcon_core.package_identification:_identify(build) by extension 'ignore'
[0.235s] Level 1:colcon.colcon_core.package_identification:_identify(build) ignored
[0.235s] Level 1:colcon.colcon_core.package_identification:_identify(install) by extensions ['ignore', 'ignore_ament_install']
[0.235s] Level 1:colcon.colcon_core.package_identification:_identify(install) by extension 'ignore'
[0.235s] Level 1:colcon.colcon_core.package_identification:_identify(install) ignored
[0.235s] Level 1:colcon.colcon_core.package_identification:_identify(log) by extensions ['ignore', 'ignore_ament_install']
[0.235s] Level 1:colcon.colcon_core.package_identification:_identify(log) by extension 'ignore'
[0.235s] Level 1:colcon.colcon_core.package_identification:_identify(log) ignored
[0.235s] Level 1:colcon.colcon_core.package_identification:_identify(testing_ground) by extensions ['ignore', 'ignore_ament_install']
[0.235s] Level 1:colcon.colcon_core.package_identification:_identify(testing_ground) by extension 'ignore'
[0.235s] Level 1:colcon.colcon_core.package_identification:_identify(testing_ground) by extension 'ignore_ament_install'
[0.235s] Level 1:colcon.colcon_core.package_identification:_identify(testing_ground) by extensions ['colcon_pkg']
[0.235s] Level 1:colcon.colcon_core.package_identification:_identify(testing_ground) by extension 'colcon_pkg'
[0.235s] Level 1:colcon.colcon_core.package_identification:_identify(testing_ground) by extensions ['colcon_meta']
[0.235s] Level 1:colcon.colcon_core.package_identification:_identify(testing_ground) by extension 'colcon_meta'
[0.235s] Level 1:colcon.colcon_core.package_identification:_identify(testing_ground) by extensions ['ros']
[0.235s] Level 1:colcon.colcon_core.package_identification:_identify(testing_ground) by extension 'ros'
[0.235s] DEBUG:colcon.colcon_core.package_identification:Package 'testing_ground' with type 'ros.ament_cmake' and name 'testing_ground'
[0.235s] Level 1:colcon.colcon_core.package_discovery:discover_packages(recursive) using defaults
[0.235s] Level 1:colcon.colcon_core.package_discovery:discover_packages(ignore) discover
[0.235s] Level 1:colcon.colcon_core.package_discovery:discover_packages(ignore) using defaults
[0.235s] Level 1:colcon.colcon_core.package_discovery:discover_packages(path) discover
[0.235s] Level 1:colcon.colcon_core.package_discovery:discover_packages(path) using defaults
[0.247s] Level 1:colcon.colcon_core.package_discovery:discover_packages(prefix_path) check parameters
[0.247s] Level 1:colcon.colcon_core.package_discovery:discover_packages(prefix_path) discover
[0.249s] DEBUG:colcon.colcon_installed_package_information.package_discovery:Found 1 installed packages in /home/elijahs04/41068_ws/install
[0.249s] DEBUG:colcon.colcon_installed_package_information.package_discovery:Found 12 installed packages in /home/elijahs04/ros2_ws/install
[0.250s] DEBUG:colcon.colcon_installed_package_information.package_discovery:Found 428 installed packages in /opt/ros/humble
[0.251s] Level 1:colcon.colcon_core.package_discovery:discover_packages(prefix_path) using defaults
[0.293s] Level 5:colcon.colcon_core.verb:set package '41068_ignition_bringup' build argument 'cmake_args' from command line to 'None'
[0.293s] Level 5:colcon.colcon_core.verb:set package '41068_ignition_bringup' build argument 'cmake_target' from command line to 'None'
[0.293s] Level 5:colcon.colcon_core.verb:set package '41068_ignition_bringup' build argument 'cmake_target_skip_unavailable' from command line to 'False'
[0.293s] Level 5:colcon.colcon_core.verb:set package '41068_ignition_bringup' build argument 'cmake_clean_cache' from command line to 'False'
[0.293s] Level 5:colcon.colcon_core.verb:set package '41068_ignition_bringup' build argument 'cmake_clean_first' from command line to 'False'
[0.293s] Level 5:colcon.colcon_core.verb:set package '41068_ignition_bringup' build argument 'cmake_force_configure' from command line to 'False'
[0.293s] Level 5:colcon.colcon_core.verb:set package '41068_ignition_bringup' build argument 'ament_cmake_args' from command line to 'None'
[0.293s] Level 5:colcon.colcon_core.verb:set package '41068_ignition_bringup' build argument 'catkin_cmake_args' from command line to 'None'
[0.293s] Level 5:colcon.colcon_core.verb:set package '41068_ignition_bringup' build argument 'catkin_skip_building_tests' from command line to 'False'
[0.293s] DEBUG:colcon.colcon_core.verb:Building package '41068_ignition_bringup' with the following arguments: {'ament_cmake_args': None, 'build_base': '/home/elijahs04/git/41068_RS1/build/41068_ignition_bringup', 'catkin_cmake_args': None, 'catkin_skip_building_tests': False, 'cmake_args': None, 'cmake_clean_cache': False, 'cmake_clean_first': False, 'cmake_force_configure': False, 'cmake_target': None, 'cmake_target_skip_unavailable': False, 'install_base': '/home/elijahs04/git/41068_RS1/install/41068_ignition_bringup', 'merge_install': False, 'path': '/home/elijahs04/git/41068_RS1/41068_ignition_bringup', 'symlink_install': False, 'test_result_base': None}
[0.294s] Level 5:colcon.colcon_core.verb:set package 'testing_ground' build argument 'cmake_args' from command line to 'None'
[0.294s] Level 5:colcon.colcon_core.verb:set package 'testing_ground' build argument 'cmake_target' from command line to 'None'
[0.294s] Level 5:colcon.colcon_core.verb:set package 'testing_ground' build argument 'cmake_target_skip_unavailable' from command line to 'False'
[0.294s] Level 5:colcon.colcon_core.verb:set package 'testing_ground' build argument 'cmake_clean_cache' from command line to 'False'
[0.294s] Level 5:colcon.colcon_core.verb:set package 'testing_ground' build argument 'cmake_clean_first' from command line to 'False'
[0.294s] Level 5:colcon.colcon_core.verb:set package 'testing_ground' build argument 'cmake_force_configure' from command line to 'False'
[0.294s] Level 5:colcon.colcon_core.verb:set package 'testing_ground' build argument 'ament_cmake_args' from command line to 'None'
[0.294s] Level 5:colcon.colcon_core.verb:set package 'testing_ground' build argument 'catkin_cmake_args' from command line to 'None'
[0.294s] Level 5:colcon.colcon_core.verb:set package 'testing_ground' build argument 'catkin_skip_building_tests' from command line to 'False'
[0.294s] DEBUG:colcon.colcon_core.verb:Building package 'testing_ground' with the following arguments: {'ament_cmake_args': None, 'build_base': '/home/elijahs04/git/41068_RS1/build/testing_ground', 'catkin_cmake_args': None, 'catkin_skip_building_tests': False, 'cmake_args': None, 'cmake_clean_cache': False, 'cmake_clean_first': False, 'cmake_force_configure': False, 'cmake_target': None, 'cmake_target_skip_unavailable': False, 'install_base': '/home/elijahs04/git/41068_RS1/install/testing_ground', 'merge_install': False, 'path': '/home/elijahs04/git/41068_RS1/testing_ground', 'symlink_install': False, 'test_result_base': None}
[0.294s] INFO:colcon.colcon_core.executor:Executing jobs using 'parallel' executor
[0.295s] DEBUG:colcon.colcon_parallel_executor.executor.parallel:run_until_complete
[0.295s] INFO:colcon.colcon_ros.task.ament_cmake.build:Building ROS package in '/home/elijahs04/git/41068_RS1/41068_ignition_bringup' with build type 'ament_cmake'
[0.295s] INFO:colcon.colcon_cmake.task.cmake.build:Building CMake package in '/home/elijahs04/git/41068_RS1/41068_ignition_bringup'
[0.297s] INFO:colcon.colcon_core.plugin_system:Skipping extension 'colcon_core.shell.bat': Not used on non-Windows systems
[0.297s] INFO:colcon.colcon_core.shell:Skip shell extension 'powershell' for command environment: Not usable outside of PowerShell
[0.297s] DEBUG:colcon.colcon_core.shell:Skip shell extension 'dsv' for command environment
[0.300s] INFO:colcon.colcon_ros.task.ament_cmake.build:Building ROS package in '/home/elijahs04/git/41068_RS1/testing_ground' with build type 'ament_cmake'
[0.300s] INFO:colcon.colcon_cmake.task.cmake.build:Building CMake package in '/home/elijahs04/git/41068_RS1/testing_ground'
[0.300s] INFO:colcon.colcon_core.shell:Skip shell extension 'powershell' for command environment: Not usable outside of PowerShell
[0.300s] DEBUG:colcon.colcon_core.shell:Skip shell extension 'dsv' for command environment
[0.304s] DEBUG:colcon.colcon_core.event_handler.log_command:Invoking command in '/home/elijahs04/git/41068_RS1/build/41068_ignition_bringup': CMAKE_PREFIX_PATH=${CMAKE_PREFIX_PATH}:/opt/ros/humble /usr/bin/cmake /home/elijahs04/git/41068_RS1/41068_ignition_bringup -DCMAKE_INSTALL_PREFIX=/home/elijahs04/git/41068_RS1/install/41068_ignition_bringup
[0.306s] DEBUG:colcon.colcon_core.event_handler.log_command:Invoking command in '/home/elijahs04/git/41068_RS1/build/testing_ground': CMAKE_PREFIX_PATH=${CMAKE_PREFIX_PATH}:/opt/ros/humble /usr/bin/cmake /home/elijahs04/git/41068_RS1/testing_ground -DCMAKE_INSTALL_PREFIX=/home/elijahs04/git/41068_RS1/install/testing_ground
[0.690s] DEBUG:colcon.colcon_core.event_handler.log_command:Invoked command in '/home/elijahs04/git/41068_RS1/build/testing_ground' returned '0': CMAKE_PREFIX_PATH=${CMAKE_PREFIX_PATH}:/opt/ros/humble /usr/bin/cmake /home/elijahs04/git/41068_RS1/testing_ground -DCMAKE_INSTALL_PREFIX=/home/elijahs04/git/41068_RS1/install/testing_ground
[0.692s] DEBUG:colcon.colcon_core.event_handler.log_command:Invoking command in '/home/elijahs04/git/41068_RS1/build/testing_ground': CMAKE_PREFIX_PATH=${CMAKE_PREFIX_PATH}:/opt/ros/humble /usr/bin/cmake --build /home/elijahs04/git/41068_RS1/build/testing_ground -- -j16 -l16
[0.780s] DEBUG:colcon.colcon_core.event_handler.log_command:Invoked command in '/home/elijahs04/git/41068_RS1/build/testing_ground' returned '0': CMAKE_PREFIX_PATH=${CMAKE_PREFIX_PATH}:/opt/ros/humble /usr/bin/cmake --build /home/elijahs04/git/41068_RS1/build/testing_ground -- -j16 -l16
[0.787s] DEBUG:colcon.colcon_core.event_handler.log_command:Invoking command in '/home/elijahs04/git/41068_RS1/build/testing_ground': CMAKE_PREFIX_PATH=${CMAKE_PREFIX_PATH}:/opt/ros/humble /usr/bin/cmake --install /home/elijahs04/git/41068_RS1/build/testing_ground
[0.792s] Level 1:colcon.colcon_core.environment:create_environment_scripts_only(testing_ground)
[0.792s] DEBUG:colcon.colcon_core.event_handler.log_command:Invoked command in '/home/elijahs04/git/41068_RS1/build/testing_ground' returned '0': CMAKE_PREFIX_PATH=${CMAKE_PREFIX_PATH}:/opt/ros/humble /usr/bin/cmake --install /home/elijahs04/git/41068_RS1/build/testing_ground
[0.796s] Level 1:colcon.colcon_core.environment:checking '/home/elijahs04/git/41068_RS1/install/testing_ground' for CMake module files
[0.796s] Level 1:colcon.colcon_core.environment:checking '/home/elijahs04/git/41068_RS1/install/testing_ground' for CMake config files
[0.797s] Level 1:colcon.colcon_core.shell:create_environment_hook('testing_ground', 'cmake_prefix_path')
[0.797s] INFO:colcon.colcon_core.shell:Creating environment hook '/home/elijahs04/git/41068_RS1/install/testing_ground/share/testing_ground/hook/cmake_prefix_path.ps1'
[0.797s] INFO:colcon.colcon_core.shell:Creating environment descriptor '/home/elijahs04/git/41068_RS1/install/testing_ground/share/testing_ground/hook/cmake_prefix_path.dsv'
[0.798s] INFO:colcon.colcon_core.shell:Creating environment hook '/home/elijahs04/git/41068_RS1/install/testing_ground/share/testing_ground/hook/cmake_prefix_path.sh'
[0.799s] Level 1:colcon.colcon_core.environment:checking '/home/elijahs04/git/41068_RS1/install/testing_ground/lib'
[0.799s] Level 1:colcon.colcon_core.environment:checking '/home/elijahs04/git/41068_RS1/install/testing_ground/bin'
[0.799s] Level 1:colcon.colcon_core.environment:checking '/home/elijahs04/git/41068_RS1/install/testing_ground/lib/pkgconfig/testing_ground.pc'
[0.799s] Level 1:colcon.colcon_core.environment:checking '/home/elijahs04/git/41068_RS1/install/testing_ground/lib/python3.10/site-packages'
[0.799s] Level 1:colcon.colcon_core.environment:checking '/home/elijahs04/git/41068_RS1/install/testing_ground/bin'
[0.800s] INFO:colcon.colcon_core.shell:Creating package script '/home/elijahs04/git/41068_RS1/install/testing_ground/share/testing_ground/package.ps1'
[0.800s] INFO:colcon.colcon_core.shell:Creating package descriptor '/home/elijahs04/git/41068_RS1/install/testing_ground/share/testing_ground/package.dsv'
[0.801s] INFO:colcon.colcon_core.shell:Creating package script '/home/elijahs04/git/41068_RS1/install/testing_ground/share/testing_ground/package.sh'
[0.801s] INFO:colcon.colcon_core.shell:Creating package script '/home/elijahs04/git/41068_RS1/install/testing_ground/share/testing_ground/package.bash'
[0.802s] INFO:colcon.colcon_core.shell:Creating package script '/home/elijahs04/git/41068_RS1/install/testing_ground/share/testing_ground/package.zsh'
[0.803s] Level 1:colcon.colcon_core.environment:create_file_with_runtime_dependencies(/home/elijahs04/git/41068_RS1/install/testing_ground/share/colcon-core/packages/testing_ground)
[0.804s] Level 1:colcon.colcon_core.environment:create_environment_scripts_only(testing_ground)
[0.804s] Level 1:colcon.colcon_core.environment:checking '/home/elijahs04/git/41068_RS1/install/testing_ground' for CMake module files
[0.804s] Level 1:colcon.colcon_core.environment:checking '/home/elijahs04/git/41068_RS1/install/testing_ground' for CMake config files
[0.804s] Level 1:colcon.colcon_core.shell:create_environment_hook('testing_ground', 'cmake_prefix_path')
[0.805s] INFO:colcon.colcon_core.shell:Creating environment hook '/home/elijahs04/git/41068_RS1/install/testing_ground/share/testing_ground/hook/cmake_prefix_path.ps1'
[0.805s] INFO:colcon.colcon_core.shell:Creating environment descriptor '/home/elijahs04/git/41068_RS1/install/testing_ground/share/testing_ground/hook/cmake_prefix_path.dsv'
[0.805s] INFO:colcon.colcon_core.shell:Creating environment hook '/home/elijahs04/git/41068_RS1/install/testing_ground/share/testing_ground/hook/cmake_prefix_path.sh'
[0.806s] Level 1:colcon.colcon_core.environment:checking '/home/elijahs04/git/41068_RS1/install/testing_ground/lib'
[0.806s] Level 1:colcon.colcon_core.environment:checking '/home/elijahs04/git/41068_RS1/install/testing_ground/bin'
[0.806s] Level 1:colcon.colcon_core.environment:checking '/home/elijahs04/git/41068_RS1/install/testing_ground/lib/pkgconfig/testing_ground.pc'
[0.806s] Level 1:colcon.colcon_core.environment:checking '/home/elijahs04/git/41068_RS1/install/testing_ground/lib/python3.10/site-packages'
[0.806s] Level 1:colcon.colcon_core.environment:checking '/home/elijahs04/git/41068_RS1/install/testing_ground/bin'
[0.806s] INFO:colcon.colcon_core.shell:Creating package script '/home/elijahs04/git/41068_RS1/install/testing_ground/share/testing_ground/package.ps1'
[0.806s] INFO:colcon.colcon_core.shell:Creating package descriptor '/home/elijahs04/git/41068_RS1/install/testing_ground/share/testing_ground/package.dsv'
[0.806s] INFO:colcon.colcon_core.shell:Creating package script '/home/elijahs04/git/41068_RS1/install/testing_ground/share/testing_ground/package.sh'
[0.807s] INFO:colcon.colcon_core.shell:Creating package script '/home/elijahs04/git/41068_RS1/install/testing_ground/share/testing_ground/package.bash'
[0.807s] INFO:colcon.colcon_core.shell:Creating package script '/home/elijahs04/git/41068_RS1/install/testing_ground/share/testing_ground/package.zsh'
[0.807s] Level 1:colcon.colcon_core.environment:create_file_with_runtime_dependencies(/home/elijahs04/git/41068_RS1/install/testing_ground/share/colcon-core/packages/testing_ground)
[0.857s] DEBUG:colcon.colcon_core.event_handler.log_command:Invoked command in '/home/elijahs04/git/41068_RS1/build/41068_ignition_bringup' returned '0': CMAKE_PREFIX_PATH=${CMAKE_PREFIX_PATH}:/opt/ros/humble /usr/bin/cmake /home/elijahs04/git/41068_RS1/41068_ignition_bringup -DCMAKE_INSTALL_PREFIX=/home/elijahs04/git/41068_RS1/install/41068_ignition_bringup
[0.858s] DEBUG:colcon.colcon_core.event_handler.log_command:Invoking command in '/home/elijahs04/git/41068_RS1/build/41068_ignition_bringup': CMAKE_PREFIX_PATH=${CMAKE_PREFIX_PATH}:/opt/ros/humble /usr/bin/cmake --build /home/elijahs04/git/41068_RS1/build/41068_ignition_bringup -- -j16 -l16
[0.882s] DEBUG:colcon.colcon_core.event_handler.log_command:Invoked command in '/home/elijahs04/git/41068_RS1/build/41068_ignition_bringup' returned '0': CMAKE_PREFIX_PATH=${CMAKE_PREFIX_PATH}:/opt/ros/humble /usr/bin/cmake --build /home/elijahs04/git/41068_RS1/build/41068_ignition_bringup -- -j16 -l16
[0.883s] DEBUG:colcon.colcon_core.event_handler.log_command:Invoking command in '/home/elijahs04/git/41068_RS1/build/41068_ignition_bringup': CMAKE_PREFIX_PATH=${CMAKE_PREFIX_PATH}:/opt/ros/humble /usr/bin/cmake --install /home/elijahs04/git/41068_RS1/build/41068_ignition_bringup
[0.920s] Level 1:colcon.colcon_core.environment:create_environment_scripts_only(41068_ignition_bringup)
[0.921s] Level 1:colcon.colcon_core.environment:checking '/home/elijahs04/git/41068_RS1/install/41068_ignition_bringup' for CMake module files
[0.921s] DEBUG:colcon.colcon_core.event_handler.log_command:Invoked command in '/home/elijahs04/git/41068_RS1/build/41068_ignition_bringup' returned '0': CMAKE_PREFIX_PATH=${CMAKE_PREFIX_PATH}:/opt/ros/humble /usr/bin/cmake --install /home/elijahs04/git/41068_RS1/build/41068_ignition_bringup
[0.921s] Level 1:colcon.colcon_core.environment:checking '/home/elijahs04/git/41068_RS1/install/41068_ignition_bringup' for CMake config files
[0.922s] Level 1:colcon.colcon_core.shell:create_environment_hook('41068_ignition_bringup', 'cmake_prefix_path')
[0.922s] INFO:colcon.colcon_core.shell:Creating environment hook '/home/elijahs04/git/41068_RS1/install/41068_ignition_bringup/share/41068_ignition_bringup/hook/cmake_prefix_path.ps1'
[0.922s] INFO:colcon.colcon_core.shell:Creating environment descriptor '/home/elijahs04/git/41068_RS1/install/41068_ignition_bringup/share/41068_ignition_bringup/hook/cmake_prefix_path.dsv'
[0.923s] INFO:colcon.colcon_core.shell:Creating environment hook '/home/elijahs04/git/41068_RS1/install/41068_ignition_bringup/share/41068_ignition_bringup/hook/cmake_prefix_path.sh'
[0.923s] Level 1:colcon.colcon_core.environment:checking '/home/elijahs04/git/41068_RS1/install/41068_ignition_bringup/bin'
[0.923s] Level 1:colcon.colcon_core.environment:checking '/home/elijahs04/git/41068_RS1/install/41068_ignition_bringup/lib/pkgconfig/41068_ignition_bringup.pc'
[0.923s] Level 1:colcon.colcon_core.environment:checking '/home/elijahs04/git/41068_RS1/install/41068_ignition_bringup/lib/python3.10/site-packages'
[0.923s] Level 1:colcon.colcon_core.environment:checking '/home/elijahs04/git/41068_RS1/install/41068_ignition_bringup/bin'
[0.923s] INFO:colcon.colcon_core.shell:Creating package script '/home/elijahs04/git/41068_RS1/install/41068_ignition_bringup/share/41068_ignition_bringup/package.ps1'
[0.924s] INFO:colcon.colcon_core.shell:Creating package descriptor '/home/elijahs04/git/41068_RS1/install/41068_ignition_bringup/share/41068_ignition_bringup/package.dsv'
[0.924s] INFO:colcon.colcon_core.shell:Creating package script '/home/elijahs04/git/41068_RS1/install/41068_ignition_bringup/share/41068_ignition_bringup/package.sh'
[0.924s] INFO:colcon.colcon_core.shell:Creating package script '/home/elijahs04/git/41068_RS1/install/41068_ignition_bringup/share/41068_ignition_bringup/package.bash'
[0.924s] INFO:colcon.colcon_core.shell:Creating package script '/home/elijahs04/git/41068_RS1/install/41068_ignition_bringup/share/41068_ignition_bringup/package.zsh'
[0.924s] Level 1:colcon.colcon_core.environment:create_file_with_runtime_dependencies(/home/elijahs04/git/41068_RS1/install/41068_ignition_bringup/share/colcon-core/packages/41068_ignition_bringup)
[0.925s] Level 1:colcon.colcon_core.environment:create_environment_scripts_only(41068_ignition_bringup)
[0.925s] Level 1:colcon.colcon_core.environment:checking '/home/elijahs04/git/41068_RS1/install/41068_ignition_bringup' for CMake module files
[0.925s] Level 1:colcon.colcon_core.environment:checking '/home/elijahs04/git/41068_RS1/install/41068_ignition_bringup' for CMake config files
[0.925s] Level 1:colcon.colcon_core.shell:create_environment_hook('41068_ignition_bringup', 'cmake_prefix_path')
[0.925s] INFO:colcon.colcon_core.shell:Creating environment hook '/home/elijahs04/git/41068_RS1/install/41068_ignition_bringup/share/41068_ignition_bringup/hook/cmake_prefix_path.ps1'
[0.925s] INFO:colcon.colcon_core.shell:Creating environment descriptor '/home/elijahs04/git/41068_RS1/install/41068_ignition_bringup/share/41068_ignition_bringup/hook/cmake_prefix_path.dsv'
[0.925s] INFO:colcon.colcon_core.shell:Creating environment hook '/home/elijahs04/git/41068_RS1/install/41068_ignition_bringup/share/41068_ignition_bringup/hook/cmake_prefix_path.sh'
[0.926s] Level 1:colcon.colcon_core.environment:checking '/home/elijahs04/git/41068_RS1/install/41068_ignition_bringup/bin'
[0.926s] Level 1:colcon.colcon_core.environment:checking '/home/elijahs04/git/41068_RS1/install/41068_ignition_bringup/lib/pkgconfig/41068_ignition_bringup.pc'
[0.926s] Level 1:colcon.colcon_core.environment:checking '/home/elijahs04/git/41068_RS1/install/41068_ignition_bringup/lib/python3.10/site-packages'
[0.926s] Level 1:colcon.colcon_core.environment:checking '/home/elijahs04/git/41068_RS1/install/41068_ignition_bringup/bin'
[0.926s] INFO:colcon.colcon_core.shell:Creating package script '/home/elijahs04/git/41068_RS1/install/41068_ignition_bringup/share/41068_ignition_bringup/package.ps1'
[0.926s] INFO:colcon.colcon_core.shell:Creating package descriptor '/home/elijahs04/git/41068_RS1/install/41068_ignition_bringup/share/41068_ignition_bringup/package.dsv'
[0.927s] INFO:colcon.colcon_core.shell:Creating package script '/home/elijahs04/git/41068_RS1/install/41068_ignition_bringup/share/41068_ignition_bringup/package.sh'
[0.927s] INFO:colcon.colcon_core.shell:Creating package script '/home/elijahs04/git/41068_RS1/install/41068_ignition_bringup/share/41068_ignition_bringup/package.bash'
[0.927s] INFO:colcon.colcon_core.shell:Creating package script '/home/elijahs04/git/41068_RS1/install/41068_ignition_bringup/share/41068_ignition_bringup/package.zsh'
[0.927s] Level 1:colcon.colcon_core.environment:create_file_with_runtime_dependencies(/home/elijahs04/git/41068_RS1/install/41068_ignition_bringup/share/colcon-core/packages/41068_ignition_bringup)
[0.927s] DEBUG:colcon.colcon_parallel_executor.executor.parallel:closing loop
[0.927s] DEBUG:colcon.colcon_parallel_executor.executor.parallel:loop closed
[0.927s] DEBUG:colcon.colcon_parallel_executor.executor.parallel:run_until_complete finished with '0'
[0.927s] DEBUG:colcon.colcon_core.event_reactor:joining thread
[0.931s] INFO:colcon.colcon_core.plugin_system:Skipping extension 'colcon_notification.desktop_notification.terminal_notifier': Not used on non-Darwin systems
[0.931s] INFO:colcon.colcon_core.plugin_system:Skipping extension 'colcon_notification.desktop_notification.win32': Not used on non-Windows systems
[0.931s] INFO:colcon.colcon_notification.desktop_notification:Sending desktop notification using 'notify2'
[0.939s] DEBUG:colcon.colcon_core.event_reactor:joined thread
[0.940s] INFO:colcon.colcon_core.shell:Creating prefix script '/home/elijahs04/git/41068_RS1/install/local_setup.ps1'
[0.941s] INFO:colcon.colcon_core.shell:Creating prefix util module '/home/elijahs04/git/41068_RS1/install/_local_setup_util_ps1.py'
[0.942s] INFO:colcon.colcon_core.shell:Creating prefix chain script '/home/elijahs04/git/41068_RS1/install/setup.ps1'
[0.943s] INFO:colcon.colcon_core.shell:Creating prefix script '/home/elijahs04/git/41068_RS1/install/local_setup.sh'
[0.943s] INFO:colcon.colcon_core.shell:Creating prefix util module '/home/elijahs04/git/41068_RS1/install/_local_setup_util_sh.py'
[0.944s] INFO:colcon.colcon_core.shell:Creating prefix chain script '/home/elijahs04/git/41068_RS1/install/setup.sh'
[0.945s] INFO:colcon.colcon_core.shell:Creating prefix script '/home/elijahs04/git/41068_RS1/install/local_setup.bash'
[0.945s] INFO:colcon.colcon_core.shell:Creating prefix chain script '/home/elijahs04/git/41068_RS1/install/setup.bash'
[0.946s] INFO:colcon.colcon_core.shell:Creating prefix script '/home/elijahs04/git/41068_RS1/install/local_setup.zsh'
[0.946s] INFO:colcon.colcon_core.shell:Creating prefix chain script '/home/elijahs04/git/41068_RS1/install/setup.zsh'
