[0.058s] DEBUG:colcon:Command line arguments: ['/usr/bin/colcon', 'build', '--packages-select', 'testing_ground']
[0.058s] DEBUG:colcon:Parsed command line arguments: Namespace(log_base=None, log_level=None, verb_name='build', build_base='build', install_base='install', merge_install=False, symlink_install=False, test_result_base=None, continue_on_error=False, executor='parallel', parallel_workers=16, event_handlers=None, ignore_user_meta=False, metas=['./colcon.meta'], base_paths=['.'], packages_ignore=None, packages_ignore_regex=None, paths=None, packages_up_to=None, packages_up_to_regex=None, packages_above=None, packages_above_and_dependencies=None, packages_above_depth=None, packages_select_by_dep=None, packages_skip_by_dep=None, packages_skip_up_to=None, packages_select_build_failed=False, packages_skip_build_finished=False, packages_select_test_failures=False, packages_skip_test_passed=False, packages_select=['testing_ground'], packages_skip=None, packages_select_regex=None, packages_skip_regex=None, packages_start=None, packages_end=None, allow_overriding=[], cmake_args=None, cmake_target=None, cmake_target_skip_unavailable=False, cmake_clean_cache=False, cmake_clean_first=False, cmake_force_configure=False, ament_cmake_args=None, catkin_cmake_args=None, catkin_skip_building_tests=False, mixin_files=None, mixin=None, verb_parser=<colcon_mixin.mixin.mixin_argument.MixinArgumentDecorator object at 0x732fba741a80>, verb_extension=<colcon_core.verb.build.BuildVerb object at 0x732fba741000>, main=<bound method BuildVerb.main of <colcon_core.verb.build.BuildVerb object at 0x732fba741000>>, mixin_verb=('build',))
[0.159s] Level 1:colcon.colcon_core.package_discovery:discover_packages(colcon_meta) check parameters
[0.159s] Level 1:colcon.colcon_core.package_discovery:discover_packages(recursive) check parameters
[0.159s] Level 1:colcon.colcon_core.package_discovery:discover_packages(ignore) check parameters
[0.159s] Level 1:colcon.colcon_core.package_discovery:discover_packages(path) check parameters
[0.159s] Level 1:colcon.colcon_core.package_discovery:discover_packages(colcon_meta) discover
[0.159s] Level 1:colcon.colcon_core.package_discovery:discover_packages(recursive) discover
[0.159s] INFO:colcon.colcon_core.package_discovery:Crawling recursively for packages in '/home/elijahs04/git/41068_RS1'
[0.159s] Level 1:colcon.colcon_core.package_identification:_identify(.) by extensions ['ignore', 'ignore_ament_install']
[0.159s] Level 1:colcon.colcon_core.package_identification:_identify(.) by extension 'ignore'
[0.159s] Level 1:colcon.colcon_core.package_identification:_identify(.) by extension 'ignore_ament_install'
[0.160s] Level 1:colcon.colcon_core.package_identification:_identify(.) by extensions ['colcon_pkg']
[0.160s] Level 1:colcon.colcon_core.package_identification:_identify(.) by extension 'colcon_pkg'
[0.160s] Level 1:colcon.colcon_core.package_identification:_identify(.) by extensions ['colcon_meta']
[0.160s] Level 1:colcon.colcon_core.package_identification:_identify(.) by extension 'colcon_meta'
[0.160s] Level 1:colcon.colcon_core.package_identification:_identify(.) by extensions ['ros']
[0.160s] Level 1:colcon.colcon_core.package_identification:_identify(.) by extension 'ros'
[0.170s] Level 1:colcon.colcon_core.package_identification:_identify(.) by extensions ['cmake', 'python']
[0.170s] Level 1:colcon.colcon_core.package_identification:_identify(.) by extension 'cmake'
[0.170s] Level 1:colcon.colcon_core.package_identification:_identify(.) by extension 'python'
[0.170s] Level 1:colcon.colcon_core.package_identification:_identify(.) by extensions ['python_setup_py']
[0.170s] Level 1:colcon.colcon_core.package_identification:_identify(.) by extension 'python_setup_py'
[0.170s] Level 1:colcon.colcon_core.package_identification:_identify(41068_ignition_bringup) by extensions ['ignore', 'ignore_ament_install']
[0.171s] Level 1:colcon.colcon_core.package_identification:_identify(41068_ignition_bringup) by extension 'ignore'
[0.171s] Level 1:colcon.colcon_core.package_identification:_identify(41068_ignition_bringup) by extension 'ignore_ament_install'
[0.171s] Level 1:colcon.colcon_core.package_identification:_identify(41068_ignition_bringup) by extensions ['colcon_pkg']
[0.171s] Level 1:colcon.colcon_core.package_identification:_identify(41068_ignition_bringup) by extension 'colcon_pkg'
[0.171s] Level 1:colcon.colcon_core.package_identification:_identify(41068_ignition_bringup) by extensions ['colcon_meta']
[0.171s] Level 1:colcon.colcon_core.package_identification:_identify(41068_ignition_bringup) by extension 'colcon_meta'
[0.171s] Level 1:colcon.colcon_core.package_identification:_identify(41068_ignition_bringup) by extensions ['ros']
[0.171s] Level 1:colcon.colcon_core.package_identification:_identify(41068_ignition_bringup) by extension 'ros'
[0.172s] DEBUG:colcon.colcon_core.package_identification:Package '41068_ignition_bringup' with type 'ros.ament_cmake' and name '41068_ignition_bringup'
[0.172s] Level 1:colcon.colcon_core.package_identification:_identify(build) by extensions ['ignore', 'ignore_ament_install']
[0.172s] Level 1:colcon.colcon_core.package_identification:_identify(build) by extension 'ignore'
[0.172s] Level 1:colcon.colcon_core.package_identification:_identify(build) ignored
[0.172s] Level 1:colcon.colcon_core.package_identification:_identify(install) by extensions ['ignore', 'ignore_ament_install']
[0.172s] Level 1:colcon.colcon_core.package_identification:_identify(install) by extension 'ignore'
[0.172s] Level 1:colcon.colcon_core.package_identification:_identify(install) ignored
[0.172s] Level 1:colcon.colcon_core.package_identification:_identify(log) by extensions ['ignore', 'ignore_ament_install']
[0.172s] Level 1:colcon.colcon_core.package_identification:_identify(log) by extension 'ignore'
[0.172s] Level 1:colcon.colcon_core.package_identification:_identify(log) ignored
[0.173s] Level 1:colcon.colcon_core.package_identification:_identify(testing_ground) by extensions ['ignore', 'ignore_ament_install']
[0.173s] Level 1:colcon.colcon_core.package_identification:_identify(testing_ground) by extension 'ignore'
[0.173s] Level 1:colcon.colcon_core.package_identification:_identify(testing_ground) by extension 'ignore_ament_install'
[0.173s] Level 1:colcon.colcon_core.package_identification:_identify(testing_ground) by extensions ['colcon_pkg']
[0.173s] Level 1:colcon.colcon_core.package_identification:_identify(testing_ground) by extension 'colcon_pkg'
[0.173s] Level 1:colcon.colcon_core.package_identification:_identify(testing_ground) by extensions ['colcon_meta']
[0.173s] Level 1:colcon.colcon_core.package_identification:_identify(testing_ground) by extension 'colcon_meta'
[0.173s] Level 1:colcon.colcon_core.package_identification:_identify(testing_ground) by extensions ['ros']
[0.173s] Level 1:colcon.colcon_core.package_identification:_identify(testing_ground) by extension 'ros'
[0.173s] DEBUG:colcon.colcon_core.package_identification:Package 'testing_ground' with type 'ros.ament_cmake' and name 'testing_ground'
[0.173s] Level 1:colcon.colcon_core.package_discovery:discover_packages(recursive) using defaults
[0.173s] Level 1:colcon.colcon_core.package_discovery:discover_packages(ignore) discover
[0.173s] Level 1:colcon.colcon_core.package_discovery:discover_packages(ignore) using defaults
[0.173s] Level 1:colcon.colcon_core.package_discovery:discover_packages(path) discover
[0.173s] Level 1:colcon.colcon_core.package_discovery:discover_packages(path) using defaults
[0.184s] INFO:colcon.colcon_core.package_selection:Skipping not selected package '41068_ignition_bringup' in '41068_ignition_bringup'
[0.184s] Level 1:colcon.colcon_core.package_discovery:discover_packages(prefix_path) check parameters
[0.184s] Level 1:colcon.colcon_core.package_discovery:discover_packages(prefix_path) discover
[0.185s] DEBUG:colcon.colcon_installed_package_information.package_discovery:Found 1 installed packages in /home/elijahs04/41068_ws/install
[0.185s] DEBUG:colcon.colcon_installed_package_information.package_discovery:Found 12 installed packages in /home/elijahs04/ros2_ws/install
[0.186s] DEBUG:colcon.colcon_installed_package_information.package_discovery:Found 428 installed packages in /opt/ros/humble
[0.187s] Level 1:colcon.colcon_core.package_discovery:discover_packages(prefix_path) using defaults
[0.210s] Level 5:colcon.colcon_core.verb:set package 'testing_ground' build argument 'cmake_args' from command line to 'None'
[0.211s] Level 5:colcon.colcon_core.verb:set package 'testing_ground' build argument 'cmake_target' from command line to 'None'
[0.211s] Level 5:colcon.colcon_core.verb:set package 'testing_ground' build argument 'cmake_target_skip_unavailable' from command line to 'False'
[0.211s] Level 5:colcon.colcon_core.verb:set package 'testing_ground' build argument 'cmake_clean_cache' from command line to 'False'
[0.211s] Level 5:colcon.colcon_core.verb:set package 'testing_ground' build argument 'cmake_clean_first' from command line to 'False'
[0.211s] Level 5:colcon.colcon_core.verb:set package 'testing_ground' build argument 'cmake_force_configure' from command line to 'False'
[0.211s] Level 5:colcon.colcon_core.verb:set package 'testing_ground' build argument 'ament_cmake_args' from command line to 'None'
[0.211s] Level 5:colcon.colcon_core.verb:set package 'testing_ground' build argument 'catkin_cmake_args' from command line to 'None'
[0.211s] Level 5:colcon.colcon_core.verb:set package 'testing_ground' build argument 'catkin_skip_building_tests' from command line to 'False'
[0.211s] DEBUG:colcon.colcon_core.verb:Building package 'testing_ground' with the following arguments: {'ament_cmake_args': None, 'build_base': '/home/elijahs04/git/41068_RS1/build/testing_ground', 'catkin_cmake_args': None, 'catkin_skip_building_tests': False, 'cmake_args': None, 'cmake_clean_cache': False, 'cmake_clean_first': False, 'cmake_force_configure': False, 'cmake_target': None, 'cmake_target_skip_unavailable': False, 'install_base': '/home/elijahs04/git/41068_RS1/install/testing_ground', 'merge_install': False, 'path': '/home/elijahs04/git/41068_RS1/testing_ground', 'symlink_install': False, 'test_result_base': None}
[0.211s] INFO:colcon.colcon_core.executor:Executing jobs using 'parallel' executor
[0.211s] DEBUG:colcon.colcon_parallel_executor.executor.parallel:run_until_complete
[0.211s] INFO:colcon.colcon_ros.task.ament_cmake.build:Building ROS package in '/home/elijahs04/git/41068_RS1/testing_ground' with build type 'ament_cmake'
[0.212s] INFO:colcon.colcon_cmake.task.cmake.build:Building CMake package in '/home/elijahs04/git/41068_RS1/testing_ground'
[0.213s] INFO:colcon.colcon_core.plugin_system:Skipping extension 'colcon_core.shell.bat': Not used on non-Windows systems
[0.213s] INFO:colcon.colcon_core.shell:Skip shell extension 'powershell' for command environment: Not usable outside of PowerShell
[0.213s] DEBUG:colcon.colcon_core.shell:Skip shell extension 'dsv' for command environment
[0.218s] DEBUG:colcon.colcon_core.event_handler.log_command:Invoking command in '/home/elijahs04/git/41068_RS1/build/testing_ground': CMAKE_PREFIX_PATH=${CMAKE_PREFIX_PATH}:/opt/ros/humble /usr/bin/cmake --build /home/elijahs04/git/41068_RS1/build/testing_ground -- -j16 -l16
[0.261s] DEBUG:colcon.colcon_core.event_handler.log_command:Invoked command in '/home/elijahs04/git/41068_RS1/build/testing_ground' returned '0': CMAKE_PREFIX_PATH=${CMAKE_PREFIX_PATH}:/opt/ros/humble /usr/bin/cmake --build /home/elijahs04/git/41068_RS1/build/testing_ground -- -j16 -l16
[0.272s] DEBUG:colcon.colcon_core.event_handler.log_command:Invoking command in '/home/elijahs04/git/41068_RS1/build/testing_ground': CMAKE_PREFIX_PATH=${CMAKE_PREFIX_PATH}:/opt/ros/humble /usr/bin/cmake --install /home/elijahs04/git/41068_RS1/build/testing_ground
[0.280s] Level 1:colcon.colcon_core.environment:create_environment_scripts_only(testing_ground)
[0.281s] DEBUG:colcon.colcon_core.event_handler.log_command:Invoked command in '/home/elijahs04/git/41068_RS1/build/testing_ground' returned '0': CMAKE_PREFIX_PATH=${CMAKE_PREFIX_PATH}:/opt/ros/humble /usr/bin/cmake --install /home/elijahs04/git/41068_RS1/build/testing_ground
[0.283s] Level 1:colcon.colcon_core.environment:checking '/home/elijahs04/git/41068_RS1/install/testing_ground' for CMake module files
[0.284s] Level 1:colcon.colcon_core.environment:checking '/home/elijahs04/git/41068_RS1/install/testing_ground' for CMake config files
[0.284s] Level 1:colcon.colcon_core.shell:create_environment_hook('testing_ground', 'cmake_prefix_path')
[0.284s] INFO:colcon.colcon_core.shell:Creating environment hook '/home/elijahs04/git/41068_RS1/install/testing_ground/share/testing_ground/hook/cmake_prefix_path.ps1'
[0.285s] INFO:colcon.colcon_core.shell:Creating environment descriptor '/home/elijahs04/git/41068_RS1/install/testing_ground/share/testing_ground/hook/cmake_prefix_path.dsv'
[0.286s] INFO:colcon.colcon_core.shell:Creating environment hook '/home/elijahs04/git/41068_RS1/install/testing_ground/share/testing_ground/hook/cmake_prefix_path.sh'
[0.287s] Level 1:colcon.colcon_core.environment:checking '/home/elijahs04/git/41068_RS1/install/testing_ground/lib'
[0.287s] Level 1:colcon.colcon_core.environment:checking '/home/elijahs04/git/41068_RS1/install/testing_ground/bin'
[0.287s] Level 1:colcon.colcon_core.environment:checking '/home/elijahs04/git/41068_RS1/install/testing_ground/lib/pkgconfig/testing_ground.pc'
[0.287s] Level 1:colcon.colcon_core.environment:checking '/home/elijahs04/git/41068_RS1/install/testing_ground/lib/python3.10/site-packages'
[0.287s] Level 1:colcon.colcon_core.environment:checking '/home/elijahs04/git/41068_RS1/install/testing_ground/bin'
[0.288s] INFO:colcon.colcon_core.shell:Creating package script '/home/elijahs04/git/41068_RS1/install/testing_ground/share/testing_ground/package.ps1'
[0.289s] INFO:colcon.colcon_core.shell:Creating package descriptor '/home/elijahs04/git/41068_RS1/install/testing_ground/share/testing_ground/package.dsv'
[0.289s] INFO:colcon.colcon_core.shell:Creating package script '/home/elijahs04/git/41068_RS1/install/testing_ground/share/testing_ground/package.sh'
[0.290s] INFO:colcon.colcon_core.shell:Creating package script '/home/elijahs04/git/41068_RS1/install/testing_ground/share/testing_ground/package.bash'
[0.291s] INFO:colcon.colcon_core.shell:Creating package script '/home/elijahs04/git/41068_RS1/install/testing_ground/share/testing_ground/package.zsh'
[0.291s] Level 1:colcon.colcon_core.environment:create_file_with_runtime_dependencies(/home/elijahs04/git/41068_RS1/install/testing_ground/share/colcon-core/packages/testing_ground)
[0.292s] Level 1:colcon.colcon_core.environment:create_environment_scripts_only(testing_ground)
[0.292s] Level 1:colcon.colcon_core.environment:checking '/home/elijahs04/git/41068_RS1/install/testing_ground' for CMake module files
[0.292s] Level 1:colcon.colcon_core.environment:checking '/home/elijahs04/git/41068_RS1/install/testing_ground' for CMake config files
[0.292s] Level 1:colcon.colcon_core.shell:create_environment_hook('testing_ground', 'cmake_prefix_path')
[0.292s] INFO:colcon.colcon_core.shell:Creating environment hook '/home/elijahs04/git/41068_RS1/install/testing_ground/share/testing_ground/hook/cmake_prefix_path.ps1'
[0.292s] INFO:colcon.colcon_core.shell:Creating environment descriptor '/home/elijahs04/git/41068_RS1/install/testing_ground/share/testing_ground/hook/cmake_prefix_path.dsv'
[0.293s] INFO:colcon.colcon_core.shell:Creating environment hook '/home/elijahs04/git/41068_RS1/install/testing_ground/share/testing_ground/hook/cmake_prefix_path.sh'
[0.293s] Level 1:colcon.colcon_core.environment:checking '/home/elijahs04/git/41068_RS1/install/testing_ground/lib'
[0.293s] Level 1:colcon.colcon_core.environment:checking '/home/elijahs04/git/41068_RS1/install/testing_ground/bin'
[0.293s] Level 1:colcon.colcon_core.environment:checking '/home/elijahs04/git/41068_RS1/install/testing_ground/lib/pkgconfig/testing_ground.pc'
[0.293s] Level 1:colcon.colcon_core.environment:checking '/home/elijahs04/git/41068_RS1/install/testing_ground/lib/python3.10/site-packages'
[0.293s] Level 1:colcon.colcon_core.environment:checking '/home/elijahs04/git/41068_RS1/install/testing_ground/bin'
[0.294s] INFO:colcon.colcon_core.shell:Creating package script '/home/elijahs04/git/41068_RS1/install/testing_ground/share/testing_ground/package.ps1'
[0.294s] INFO:colcon.colcon_core.shell:Creating package descriptor '/home/elijahs04/git/41068_RS1/install/testing_ground/share/testing_ground/package.dsv'
[0.294s] INFO:colcon.colcon_core.shell:Creating package script '/home/elijahs04/git/41068_RS1/install/testing_ground/share/testing_ground/package.sh'
[0.294s] INFO:colcon.colcon_core.shell:Creating package script '/home/elijahs04/git/41068_RS1/install/testing_ground/share/testing_ground/package.bash'
[0.294s] INFO:colcon.colcon_core.shell:Creating package script '/home/elijahs04/git/41068_RS1/install/testing_ground/share/testing_ground/package.zsh'
[0.295s] Level 1:colcon.colcon_core.environment:create_file_with_runtime_dependencies(/home/elijahs04/git/41068_RS1/install/testing_ground/share/colcon-core/packages/testing_ground)
[0.295s] DEBUG:colcon.colcon_parallel_executor.executor.parallel:closing loop
[0.295s] DEBUG:colcon.colcon_parallel_executor.executor.parallel:loop closed
[0.295s] DEBUG:colcon.colcon_parallel_executor.executor.parallel:run_until_complete finished with '0'
[0.295s] DEBUG:colcon.colcon_core.event_reactor:joining thread
[0.298s] INFO:colcon.colcon_core.plugin_system:Skipping extension 'colcon_notification.desktop_notification.terminal_notifier': Not used on non-Darwin systems
[0.298s] INFO:colcon.colcon_core.plugin_system:Skipping extension 'colcon_notification.desktop_notification.win32': Not used on non-Windows systems
[0.298s] INFO:colcon.colcon_notification.desktop_notification:Sending desktop notification using 'notify2'
[0.306s] DEBUG:colcon.colcon_core.event_reactor:joined thread
[0.307s] INFO:colcon.colcon_core.shell:Creating prefix script '/home/elijahs04/git/41068_RS1/install/local_setup.ps1'
[0.308s] INFO:colcon.colcon_core.shell:Creating prefix util module '/home/elijahs04/git/41068_RS1/install/_local_setup_util_ps1.py'
[0.309s] INFO:colcon.colcon_core.shell:Creating prefix chain script '/home/elijahs04/git/41068_RS1/install/setup.ps1'
[0.310s] INFO:colcon.colcon_core.shell:Creating prefix script '/home/elijahs04/git/41068_RS1/install/local_setup.sh'
[0.310s] INFO:colcon.colcon_core.shell:Creating prefix util module '/home/elijahs04/git/41068_RS1/install/_local_setup_util_sh.py'
[0.311s] INFO:colcon.colcon_core.shell:Creating prefix chain script '/home/elijahs04/git/41068_RS1/install/setup.sh'
[0.312s] INFO:colcon.colcon_core.shell:Creating prefix script '/home/elijahs04/git/41068_RS1/install/local_setup.bash'
[0.312s] INFO:colcon.colcon_core.shell:Creating prefix chain script '/home/elijahs04/git/41068_RS1/install/setup.bash'
[0.313s] INFO:colcon.colcon_core.shell:Creating prefix script '/home/elijahs04/git/41068_RS1/install/local_setup.zsh'
[0.313s] INFO:colcon.colcon_core.shell:Creating prefix chain script '/home/elijahs04/git/41068_RS1/install/setup.zsh'
